<?xml version="1.0" encoding="UTF-8"?>
<!-- Generated by org.testng.reporters.JUnitReportReporter -->
<testsuite hostname="LAPTOP-CEPR6TFE" failures="0" tests="6" name="tests.JsonTest" time="0.937" errors="0" timestamp="2023-07-22T19:55:26 IST" skipped="0">
  <testcase classname="tests.JsonTest" name="verifyCourseCount" time="0.703"/>
  <system-out/>
  <testcase classname="tests.JsonTest" name="verifyPurchaseAmount" time="0.024"/>
  <system-out/>
  <testcase classname="tests.JsonTest" name="verifyFirstCourseTitle" time="0.046"/>
  <system-out/>
  <testcase classname="tests.JsonTest" name="verifyRPACopies" time="0.019"/>
  <system-out/>
  <testcase classname="tests.JsonTest" name="verifyAllCourses" time="0.078"/>
  <system-out/>
  <testcase classname="tests.JsonTest" name="verifyPurchaseAmountCoursePrice" time="0.067"/>
  <system-out/>
</testsuite> <!-- tests.JsonTest -->
